
End of LogType:stdout
***********************************************************************


End of LogType:stdout
***********************************************************************

Container: container_1648648882306_26568_01_000001 on hc15.nyu.cluster_8041
LogAggregationType: AGGREGATED
===========================================================================
LogType:stdout
LogLastModifiedTime:Wed Apr 20 01:17:23 -0400 2022
LogLength:270
LogContents:
Number of users in training: 110891
code:1
No trained model found, start training...
model saved
predictions done
truth done
rdd created
metrics done
Rank:15, regParam: 0.01, map score:  0.07308457967230822, ndcg score: 0.095287104298823, pk score: 0.007108239095315021

End of LogType:stdout
***********************************************************************

